[0m01:14:02.055012 [debug] [MainThread]: Sending event: {'category': 'dbt', 'action': 'invocation', 'label': 'start', 'context': [<snowplow_tracker.self_describing_json.SelfDescribingJson object at 0x0000015563F2C440>, <snowplow_tracker.self_describing_json.SelfDescribingJson object at 0x0000015560D65D10>, <snowplow_tracker.self_describing_json.SelfDescribingJson object at 0x0000015564D5FD90>]}


============================== 01:14:02.071232 | d3687616-9b9a-48c4-bd06-e961cbd176ec ==============================
[0m01:14:02.071232 [info ] [MainThread]: Running with dbt=1.10.13
[0m01:14:02.071872 [debug] [MainThread]: running dbt with arguments {'partial_parse': 'True', 'profiles_dir': 'C:\\Users\\joaqu\\.dbt', 'send_anonymous_usage_stats': 'True', 'use_colors': 'True', 'cache_selected_only': 'False', 'target_path': 'None', 'version_check': 'True', 'invocation_command': 'dbt init jpc_dbt', 'log_format': 'default', 'warn_error': 'None', 'introspect': 'True', 'debug': 'False', 'printer_width': '80', 'fail_fast': 'False', 'no_print': 'None', 'empty': 'None', 'use_experimental_parser': 'False', 'quiet': 'False', 'log_cache_events': 'False', 'log_path': 'logs', 'indirect_selection': 'eager', 'write_json': 'True', 'warn_error_options': 'WarnErrorOptionsV2(error=[], warn=[], silence=[])', 'static_parser': 'True'}
[0m01:14:02.297445 [info ] [MainThread]: Creating dbt configuration folder at C:\Users\joaqu\.dbt
[0m01:14:02.311517 [debug] [MainThread]: Starter project path: C:\Users\joaqu\OneDrive\Desktop\jpcgarrita\env\Lib\site-packages\dbt\include\starter_project
[0m01:14:02.348729 [info ] [MainThread]: 
Your new dbt project "jpc_dbt" was created!

For more information on how to configure the profiles.yml file,
please consult the dbt documentation here:

  https://docs.getdbt.com/docs/configure-your-profile

One more thing:

Need help? Don't hesitate to reach out to us via GitHub issues or on Slack:

  https://community.getdbt.com/

Happy modeling!

[0m01:14:02.349286 [info ] [MainThread]: Setting up your profile.
[0m01:17:59.850227 [error] [MainThread]: Encountered an error:

[0m01:17:59.855461 [error] [MainThread]: Traceback (most recent call last):
  File "C:\Users\joaqu\OneDrive\Desktop\jpcgarrita\env\Lib\site-packages\dbt\cli\requires.py", line 178, in wrapper
    result, success = func(*args, **kwargs)
                      ~~~~^^^^^^^^^^^^^^^^^
  File "C:\Users\joaqu\OneDrive\Desktop\jpcgarrita\env\Lib\site-packages\dbt\cli\requires.py", line 128, in wrapper
    return func(*args, **kwargs)
  File "C:\Users\joaqu\OneDrive\Desktop\jpcgarrita\env\Lib\site-packages\dbt\cli\main.py", line 483, in init
    results = task.run()
  File "C:\Users\joaqu\OneDrive\Desktop\jpcgarrita\env\Lib\site-packages\dbt\task\init.py", line 346, in run
    self.setup_profile(profile_name)
    ~~~~~~~~~~~~~~~~~~^^^^^^^^^^^^^^
  File "C:\Users\joaqu\OneDrive\Desktop\jpcgarrita\env\Lib\site-packages\dbt\task\init.py", line 262, in setup_profile
    self.create_profile_from_target(adapter, profile_name=profile_name)
    ~~~~~~~~~~~~~~~~~~~~~~~~~~~~~~~^^^^^^^^^^^^^^^^^^^^^^^^^^^^^^^^^^^^
  File "C:\Users\joaqu\OneDrive\Desktop\jpcgarrita\env\Lib\site-packages\dbt\task\init.py", line 179, in create_profile_from_target
    self.create_profile_from_profile_template(profile_template, profile_name)
    ~~~~~~~~~~~~~~~~~~~~~~~~~~~~~~~~~~~~~~~~~^^^^^^^^^^^^^^^^^^^^^^^^^^^^^^^^
  File "C:\Users\joaqu\OneDrive\Desktop\jpcgarrita\env\Lib\site-packages\dbt\task\init.py", line 163, in create_profile_from_profile_template
    target = self.generate_target_from_input(prompts, initial_target)
  File "C:\Users\joaqu\OneDrive\Desktop\jpcgarrita\env\Lib\site-packages\dbt\task\init.py", line 129, in generate_target_from_input
    target[key] = click.prompt(
                  ~~~~~~~~~~~~^
        text, default=default, hide_input=hide_input, type=type
        ^^^^^^^^^^^^^^^^^^^^^^^^^^^^^^^^^^^^^^^^^^^^^^^^^^^^^^^
    )
    ^
  File "C:\Users\joaqu\OneDrive\Desktop\jpcgarrita\env\Lib\site-packages\click\termui.py", line 168, in prompt
    value = prompt_func(prompt)
  File "C:\Users\joaqu\OneDrive\Desktop\jpcgarrita\env\Lib\site-packages\click\termui.py", line 151, in prompt_func
    raise Abort() from None
click.exceptions.Abort

[0m01:17:59.857107 [debug] [MainThread]: Command `dbt init` failed at 01:17:59.856991 after 237.98 seconds
[0m01:17:59.857457 [debug] [MainThread]: Sending event: {'category': 'dbt', 'action': 'invocation', 'label': 'end', 'context': [<snowplow_tracker.self_describing_json.SelfDescribingJson object at 0x0000015564DE76F0>, <snowplow_tracker.self_describing_json.SelfDescribingJson object at 0x0000015564EDA210>, <snowplow_tracker.self_describing_json.SelfDescribingJson object at 0x0000015564E2CC00>]}
[0m01:17:59.857799 [debug] [MainThread]: Flushing usage events
[0m01:18:01.011916 [debug] [MainThread]: An error was encountered while trying to flush usage events
[0m01:18:09.036301 [debug] [MainThread]: Sending event: {'category': 'dbt', 'action': 'invocation', 'label': 'start', 'context': [<snowplow_tracker.self_describing_json.SelfDescribingJson object at 0x00000204315FC440>, <snowplow_tracker.self_describing_json.SelfDescribingJson object at 0x000002042F4A5D10>, <snowplow_tracker.self_describing_json.SelfDescribingJson object at 0x000002043342BD90>]}


============================== 01:18:09.039791 | b0b62d85-35eb-4dea-9d6e-9ecc0e0b672a ==============================
[0m01:18:09.039791 [info ] [MainThread]: Running with dbt=1.10.13
[0m01:18:09.040451 [debug] [MainThread]: running dbt with arguments {'partial_parse': 'True', 'write_json': 'True', 'send_anonymous_usage_stats': 'True', 'use_colors': 'True', 'cache_selected_only': 'False', 'target_path': 'None', 'version_check': 'True', 'invocation_command': 'dbt init jpc_dbt', 'log_format': 'default', 'warn_error': 'None', 'introspect': 'True', 'debug': 'False', 'log_cache_events': 'False', 'fail_fast': 'False', 'no_print': 'None', 'empty': 'None', 'quiet': 'False', 'printer_width': '80', 'use_experimental_parser': 'False', 'indirect_selection': 'eager', 'log_path': 'logs', 'profiles_dir': 'C:\\Users\\joaqu\\.dbt', 'warn_error_options': 'WarnErrorOptionsV2(error=[], warn=[], silence=[])', 'static_parser': 'True'}
[0m01:18:09.054576 [info ] [MainThread]: A project called jpc_dbt already exists here.
[0m01:18:09.055356 [debug] [MainThread]: Command `dbt init` succeeded at 01:18:09.055252 after 0.19 seconds
[0m01:18:09.055625 [debug] [MainThread]: Sending event: {'category': 'dbt', 'action': 'invocation', 'label': 'end', 'context': [<snowplow_tracker.self_describing_json.SelfDescribingJson object at 0x00000204334B50F0>, <snowplow_tracker.self_describing_json.SelfDescribingJson object at 0x00000204334CE7B0>, <snowplow_tracker.self_describing_json.SelfDescribingJson object at 0x00000204332D1040>]}
[0m01:18:09.055911 [debug] [MainThread]: Flushing usage events
[0m01:18:10.250243 [debug] [MainThread]: An error was encountered while trying to flush usage events
[0m01:18:56.849487 [debug] [MainThread]: Sending event: {'category': 'dbt', 'action': 'invocation', 'label': 'start', 'context': [<snowplow_tracker.self_describing_json.SelfDescribingJson object at 0x000001768513C440>, <snowplow_tracker.self_describing_json.SelfDescribingJson object at 0x0000017681F75D10>, <snowplow_tracker.self_describing_json.SelfDescribingJson object at 0x000001768702BD90>]}


============================== 01:18:56.853143 | bd0c7653-ca42-452d-9247-714bffcba052 ==============================
[0m01:18:56.853143 [info ] [MainThread]: Running with dbt=1.10.13
[0m01:18:56.853985 [debug] [MainThread]: running dbt with arguments {'partial_parse': 'True', 'warn_error_options': 'WarnErrorOptionsV2(error=[], warn=[], silence=[])', 'send_anonymous_usage_stats': 'True', 'use_colors': 'True', 'cache_selected_only': 'False', 'target_path': 'None', 'version_check': 'True', 'invocation_command': 'dbt init JPC_dbt', 'log_format': 'default', 'warn_error': 'None', 'introspect': 'True', 'debug': 'False', 'printer_width': '80', 'fail_fast': 'False', 'no_print': 'None', 'quiet': 'False', 'log_cache_events': 'False', 'empty': 'None', 'use_experimental_parser': 'False', 'indirect_selection': 'eager', 'log_path': 'logs', 'profiles_dir': 'C:\\Users\\joaqu\\.dbt', 'static_parser': 'True', 'write_json': 'True'}
[0m01:18:56.868819 [info ] [MainThread]: A project called JPC_dbt already exists here.
[0m01:18:56.869697 [debug] [MainThread]: Command `dbt init` succeeded at 01:18:56.869542 after 0.11 seconds
[0m01:18:56.869999 [debug] [MainThread]: Sending event: {'category': 'dbt', 'action': 'invocation', 'label': 'end', 'context': [<snowplow_tracker.self_describing_json.SelfDescribingJson object at 0x00000176870B50F0>, <snowplow_tracker.self_describing_json.SelfDescribingJson object at 0x00000176870CE7B0>, <snowplow_tracker.self_describing_json.SelfDescribingJson object at 0x0000017685E11040>]}
[0m01:18:56.870299 [debug] [MainThread]: Flushing usage events
[0m01:18:57.581610 [debug] [MainThread]: An error was encountered while trying to flush usage events
[0m01:19:21.537679 [debug] [MainThread]: Sending event: {'category': 'dbt', 'action': 'invocation', 'label': 'start', 'context': [<snowplow_tracker.self_describing_json.SelfDescribingJson object at 0x00000127097FC440>, <snowplow_tracker.self_describing_json.SelfDescribingJson object at 0x000001270759DD10>, <snowplow_tracker.self_describing_json.SelfDescribingJson object at 0x000001270B62BD90>]}


============================== 01:19:21.541050 | 5a960226-90a7-4c27-aa30-7527b6d2c6e2 ==============================
[0m01:19:21.541050 [info ] [MainThread]: Running with dbt=1.10.13
[0m01:19:21.541681 [debug] [MainThread]: running dbt with arguments {'partial_parse': 'True', 'profiles_dir': 'C:\\Users\\joaqu\\.dbt', 'send_anonymous_usage_stats': 'True', 'use_colors': 'True', 'cache_selected_only': 'False', 'target_path': 'None', 'warn_error': 'None', 'invocation_command': 'dbt init jpcGarrita_dbt', 'log_format': 'default', 'version_check': 'True', 'introspect': 'True', 'debug': 'False', 'printer_width': '80', 'fail_fast': 'False', 'no_print': 'None', 'use_experimental_parser': 'False', 'empty': 'None', 'log_cache_events': 'False', 'quiet': 'False', 'indirect_selection': 'eager', 'log_path': 'logs', 'write_json': 'True', 'warn_error_options': 'WarnErrorOptionsV2(error=[], warn=[], silence=[])', 'static_parser': 'True'}
[0m01:19:21.558797 [debug] [MainThread]: Starter project path: C:\Users\joaqu\OneDrive\Desktop\jpcgarrita\env\Lib\site-packages\dbt\include\starter_project
[0m01:19:21.570115 [info ] [MainThread]: 
Your new dbt project "jpcGarrita_dbt" was created!

For more information on how to configure the profiles.yml file,
please consult the dbt documentation here:

  https://docs.getdbt.com/docs/configure-your-profile

One more thing:

Need help? Don't hesitate to reach out to us via GitHub issues or on Slack:

  https://community.getdbt.com/

Happy modeling!

[0m01:19:21.570595 [info ] [MainThread]: Setting up your profile.
[0m01:25:23.483134 [info ] [MainThread]: Profile jpcGarrita_dbt written to C:\Users\joaqu\.dbt\profiles.yml using target's profile_template.yml and your supplied values. Run 'dbt debug' to validate the connection.
[0m01:25:23.485708 [debug] [MainThread]: Command `dbt init` succeeded at 01:25:23.485347 after 362.04 seconds
[0m01:25:23.486409 [debug] [MainThread]: Sending event: {'category': 'dbt', 'action': 'invocation', 'label': 'end', 'context': [<snowplow_tracker.self_describing_json.SelfDescribingJson object at 0x000001270B6B76F0>, <snowplow_tracker.self_describing_json.SelfDescribingJson object at 0x000001270B7AA0F0>, <snowplow_tracker.self_describing_json.SelfDescribingJson object at 0x000001270B4D2140>]}
[0m01:25:23.487206 [debug] [MainThread]: Flushing usage events
[0m01:25:24.408842 [debug] [MainThread]: An error was encountered while trying to flush usage events
[0m02:33:31.897277 [debug] [MainThread]: Sending event: {'category': 'dbt', 'action': 'invocation', 'label': 'start', 'context': [<snowplow_tracker.self_describing_json.SelfDescribingJson object at 0x00000235BD5FC440>, <snowplow_tracker.self_describing_json.SelfDescribingJson object at 0x00000235BB39DD10>, <snowplow_tracker.self_describing_json.SelfDescribingJson object at 0x00000235BF433D90>]}


============================== 02:33:31.908088 | 4a6552e6-b386-4e6c-8184-8fc76830e43d ==============================
[0m02:33:31.908088 [info ] [MainThread]: Running with dbt=1.10.13
[0m02:33:31.908643 [debug] [MainThread]: running dbt with arguments {'partial_parse': 'True', 'write_json': 'True', 'send_anonymous_usage_stats': 'True', 'version_check': 'True', 'cache_selected_only': 'False', 'target_path': 'None', 'use_colors': 'True', 'invocation_command': 'dbt run', 'log_format': 'default', 'warn_error': 'None', 'introspect': 'True', 'debug': 'False', 'printer_width': '80', 'fail_fast': 'False', 'no_print': 'None', 'use_experimental_parser': 'False', 'quiet': 'False', 'log_cache_events': 'False', 'empty': 'False', 'log_path': 'logs', 'indirect_selection': 'eager', 'profiles_dir': 'C:\\Users\\joaqu\\.dbt', 'warn_error_options': 'WarnErrorOptionsV2(error=[], warn=[], silence=[])', 'static_parser': 'True'}
[0m02:33:31.909014 [error] [MainThread]: Encountered an error:
Runtime Error
  No dbt_project.yml found at expected path C:\Users\joaqu\OneDrive\Desktop\jpcgarrita\dbt_project.yml
  Verify that each entry within packages.yml (and their transitive dependencies) contains a file named dbt_project.yml
  
[0m02:33:31.909865 [debug] [MainThread]: Command `dbt run` failed at 02:33:31.909759 after 0.18 seconds
[0m02:33:31.910130 [debug] [MainThread]: Sending event: {'category': 'dbt', 'action': 'invocation', 'label': 'end', 'context': [<snowplow_tracker.self_describing_json.SelfDescribingJson object at 0x00000235BF2DFCE0>, <snowplow_tracker.self_describing_json.SelfDescribingJson object at 0x00000235BF31A7B0>, <snowplow_tracker.self_describing_json.SelfDescribingJson object at 0x00000235BF2D1370>]}
[0m02:33:31.910383 [debug] [MainThread]: Flushing usage events
[0m02:33:32.640617 [debug] [MainThread]: An error was encountered while trying to flush usage events
